2022-12-24 22:19:56,742 - pyswarms.single.global_best - INFO - Optimize for 1000 iters with {'c1': 0.5, 'c2': 0.3, 'w': 0.9}
2022-12-24 22:19:59,137 - pyswarms.single.global_best - INFO - Optimization finished | best cost: 5.29417890160508e-44, best pos: [ 5.66908444e-23 -2.22997617e-22]
2022-12-24 22:21:00,425 - pyswarms.single.global_best - INFO - Optimize for 1000 iters with {'c1': 0.5, 'c2': 0.3, 'w': 0.9}
2022-12-24 22:21:02,919 - pyswarms.single.global_best - INFO - Optimization finished | best cost: 8.503196845102348e-44, best pos: [-1.93267744e-22 -2.18356469e-22]
2022-12-24 22:28:01,297 - pyswarms.single.global_best - INFO - Optimize for 1000 iters with {'c1': 0.5, 'c2': 0.3, 'w': 0.9}
2022-12-24 22:28:03,349 - pyswarms.single.global_best - INFO - Optimization finished | best cost: 5.802330508051221e-47, best pos: [ 7.89381798e-25 -7.57629075e-24]
2022-12-24 22:30:15,358 - pyswarms.single.global_best - INFO - Optimize for 1000 iters with {'c1': 0.5, 'c2': 0.3, 'w': 0.9}
2022-12-24 22:30:17,454 - pyswarms.single.global_best - INFO - Optimization finished | best cost: 2.373134158670613e-44, best pos: [1.52751706e-22 1.99563981e-23]
2022-12-24 22:35:04,786 - pyswarms.single.global_best - INFO - Optimize for 1000 iters with {'c1': 0.5, 'c2': 0.3, 'w': 0.9}
2022-12-24 22:35:06,705 - pyswarms.single.global_best - INFO - Optimization finished | best cost: 1.0336398563067154e-45, best pos: [-3.76202102e-24 -3.19294074e-23]
2022-12-24 22:36:44,147 - pyswarms.single.global_best - INFO - Optimize for 1000 iters with {'c1': 0.5, 'c2': 0.3, 'w': 0.9}
2022-12-24 22:36:46,309 - pyswarms.single.global_best - INFO - Optimization finished | best cost: 2.7799430563313715e-43, best pos: [-4.23939926e-22 -3.13479257e-22]
2022-12-24 22:43:31,043 - pyswarms.single.global_best - INFO - Optimize for 1000 iters with {'c1': 0.5, 'c2': 0.3, 'w': 0.9}
2022-12-24 22:43:33,256 - pyswarms.single.global_best - INFO - Optimization finished | best cost: 2.0239864242077977e-41, best pos: [2.64254354e-21 3.64099271e-21]
2022-12-24 22:50:17,767 - pyswarms.single.global_best - INFO - Optimize for 1000 iters with {'c1': 0.5, 'c2': 0.3, 'w': 0.9}
2022-12-24 22:50:19,993 - pyswarms.single.global_best - INFO - Optimization finished | best cost: 2.1643131364042297e-43, best pos: [ 3.59233053e-22 -2.95606034e-22]
2022-12-24 22:55:26,530 - pyswarms.single.global_best - INFO - Optimize for 1000 iters with {'c1': 0.5, 'c2': 0.3, 'w': 0.9}
2022-12-24 22:55:28,871 - pyswarms.single.global_best - INFO - Optimization finished | best cost: 9.87480396941434e-44, best pos: [1.11645516e-22 2.93740223e-22]
2022-12-24 22:57:50,721 - pyswarms.single.global_best - INFO - Optimize for 1000 iters with {'c1': 0.5, 'c2': 0.3, 'w': 0.9}
2022-12-24 22:57:53,060 - pyswarms.single.global_best - INFO - Optimization finished | best cost: 7.46334905079935e-43, best pos: [8.39991937e-22 2.01862456e-22]
2022-12-24 23:04:10,736 - pyswarms.single.global_best - INFO - Optimize for 1000 iters with {'c1': 0.5, 'c2': 0.3, 'w': 0.9}
2022-12-24 23:04:16,781 - pyswarms.single.global_best - INFO - Optimization finished | best cost: 1.546308489245879e-41, best pos: [-3.93102179e-21 -1.00759894e-22]
2022-12-24 23:10:03,779 - pyswarms.single.global_best - INFO - Optimize for 1000 iters with {'c1': 0.5, 'c2': 0.3, 'w': 0.9}
2022-12-24 23:10:08,921 - pyswarms.single.global_best - INFO - Optimization finished | best cost: 5.68085320948142e-43, best pos: [-6.00652946e-22 -4.55303591e-22]
2022-12-24 23:18:33,522 - pyswarms.single.global_best - INFO - Optimize for 1000 iters with {'c1': 0.5, 'c2': 0.3, 'w': 0.9}
2022-12-24 23:18:38,239 - pyswarms.single.global_best - INFO - Optimization finished | best cost: 7.819608090661347e-43, best pos: [ 1.49504482e-22 -8.71555632e-22]
2022-12-24 23:28:57,584 - pyswarms.single.global_best - INFO - Optimize for 1000 iters with {'c1': 0.5, 'c2': 0.3, 'w': 0.9}
2022-12-24 23:29:00,605 - pyswarms.single.global_best - INFO - Optimization finished | best cost: 1.0479898019839176e-41, best pos: [-3.05678166e-21  1.06582547e-21]
